d:\project\luatest\lua51\debug\lua51.pdb
d:\project\luatest\lua51\debug\lua51.idb
d:\project\luatest\lua51\debug\liolib.obj
d:\project\luatest\lua51\debug\llex.obj
d:\project\luatest\lua51\debug\lmathlib.obj
d:\project\luatest\lua51\debug\lmem.obj
d:\project\luatest\lua51\debug\loadlib.obj
d:\project\luatest\lua51\debug\lobject.obj
d:\project\luatest\lua51\debug\lopcodes.obj
d:\project\luatest\lua51\debug\loslib.obj
d:\project\luatest\lua51\debug\lparser.obj
d:\project\luatest\lua51\debug\lstate.obj
d:\project\luatest\lua51\debug\lstring.obj
d:\project\luatest\lua51\debug\lstrlib.obj
d:\project\luatest\lua51\debug\ltable.obj
d:\project\luatest\lua51\debug\ltablib.obj
d:\project\luatest\lua51\debug\ltm.obj
d:\project\luatest\lua51\debug\lua.obj
d:\project\luatest\lua51\debug\lundump.obj
d:\project\luatest\lua51\debug\lvm.obj
d:\project\luatest\lua51\debug\lzio.obj
d:\project\luatest\lua51\debug\print.obj
d:\project\luatest\lua51\debug\lapi.obj
d:\project\luatest\lua51\debug\lauxlib.obj
d:\project\luatest\lua51\debug\lbaselib.obj
d:\project\luatest\lua51\debug\lcode.obj
d:\project\luatest\lua51\debug\ldblib.obj
d:\project\luatest\lua51\debug\ldebug.obj
d:\project\luatest\lua51\debug\ldo.obj
d:\project\luatest\lua51\debug\ldump.obj
d:\project\luatest\lua51\debug\lfunc.obj
d:\project\luatest\lua51\debug\lgc.obj
d:\project\luatest\lua51\debug\linit.obj
d:\project\luatest\debug\lua51.lib
d:\project\luatest\debug\lua51.pdb
d:\project\luatest\lua51\debug\lua51.tlog\cl.command.1.tlog
d:\project\luatest\lua51\debug\lua51.tlog\cl.read.1.tlog
d:\project\luatest\lua51\debug\lua51.tlog\cl.write.1.tlog
d:\project\luatest\lua51\debug\lua51.tlog\lib-link.read.1.tlog
d:\project\luatest\lua51\debug\lua51.tlog\lib-link.write.1.tlog
d:\project\luatest\lua51\debug\lua51.tlog\lib.command.1.tlog
