g:\src\luatest\vm\debug\vm.pch
g:\src\luatest\vm\debug\vm.pdb
g:\src\luatest\vm\debug\vm.idb
g:\src\luatest\vm\debug\stdafx.obj
g:\src\luatest\vm\debug\allocater.obj
g:\src\luatest\vm\debug\functiontaker.obj
g:\src\luatest\vm\debug\luacomponent.obj
g:\src\luatest\vm\debug\luafunction.obj
g:\src\luatest\vm\debug\luamodule.obj
g:\src\luatest\vm\debug\luamodulemanager.obj
g:\src\luatest\vm\debug\luatable.obj
g:\src\luatest\vm\debug\luavalue.obj
g:\src\luatest\vm\debug\main.obj
g:\src\luatest\vm\debug\virtualfile.obj
g:\src\luatest\vm\debug\modulemanager.obj
g:\src\luatest\vm\debug\vm.obj
g:\src\luatest\debug\vm.lib
g:\src\luatest\debug\vm.pdb
g:\src\luatest\vm\debug\vm.tlog\cl.command.1.tlog
g:\src\luatest\vm\debug\vm.tlog\cl.read.1.tlog
g:\src\luatest\vm\debug\vm.tlog\cl.write.1.tlog
g:\src\luatest\vm\debug\vm.tlog\lib-link.read.1.tlog
g:\src\luatest\vm\debug\vm.tlog\lib-link.write.1.tlog
g:\src\luatest\vm\debug\vm.tlog\lib.command.1.tlog
